<?xml version="1.0" encoding="UTF-8" ?>
<testsuite failures="0" time="0.007" errors="0" skipped="0" tests="1" name="com.dream.test.AppTest">
  <properties>
    <property name="java.runtime.name" value="Java(TM) SE Runtime Environment"/>
    <property name="sun.boot.library.path" value="D:\JAVA\IDE\MyEclipse9\Common\binary\com.sun.java.jdk.win32.x86_1.6.0.013\jre\bin"/>
    <property name="java.vm.version" value="11.3-b02"/>
    <property name="java.vm.vendor" value="Sun Microsystems Inc."/>
    <property name="java.vendor.url" value="http://java.sun.com/"/>
    <property name="path.separator" value=";"/>
    <property name="java.vm.name" value="Java HotSpot(TM) Client VM"/>
    <property name="file.encoding.pkg" value="sun.io"/>
    <property name="user.country" value="CN"/>
    <property name="sun.java.launcher" value="SUN_STANDARD"/>
    <property name="sun.os.patch.level" value=""/>
    <property name="java.vm.specification.name" value="Java Virtual Machine Specification"/>
    <property name="user.dir" value="E:\ownproject\Photography"/>
    <property name="java.runtime.version" value="1.6.0_13-b03"/>
    <property name="java.awt.graphicsenv" value="sun.awt.Win32GraphicsEnvironment"/>
    <property name="basedir" value="E:\ownproject\Photography"/>
    <property name="java.endorsed.dirs" value="D:\JAVA\IDE\MyEclipse9\Common\binary\com.sun.java.jdk.win32.x86_1.6.0.013\jre\lib\endorsed"/>
    <property name="os.arch" value="x86"/>
    <property name="surefire.real.class.path" value="C:\Users\ADMINI~1\AppData\Local\Temp\surefirebooter3535137827504660291.jar"/>
    <property name="java.io.tmpdir" value="C:\Users\ADMINI~1\AppData\Local\Temp\"/>
    <property name="line.separator" value="
"/>
    <property name="java.vm.specification.vendor" value="Sun Microsystems Inc."/>
    <property name="user.variant" value=""/>
    <property name="os.name" value="Windows Vista"/>
    <property name="sun.jnu.encoding" value="GBK"/>
    <property name="java.library.path" value="D:\JAVA\IDE\MyEclipse9\Common\binary\com.sun.java.jdk.win32.x86_1.6.0.013\jre\bin;.;C:\Windows\Sun\Java\bin;C:\Windows\system32;C:\Windows;D:/JAVA/IDE/MyEclipse9/Common/binary/com.sun.java.jdk.win32.x86_1.6.0.013/jre/bin/client;D:/JAVA/IDE/MyEclipse9/Common/binary/com.sun.java.jdk.win32.x86_1.6.0.013/jre/bin;D:/JAVA/IDE/MyEclipse9/Common/binary/com.sun.java.jdk.win32.x86_1.6.0.013/jre/lib/i386;D:\Program\Git\bin;C:\Program Files (x86)\Common Files\NetSarang;D:\JAVA\JAD;D:\JAVA\JDK\jdk1.6.0_11\lib\tools.jar;D:\JAVA\JDK\jdk1.6.0_11\bin;C:\Program Files (x86)\NVIDIA Corporation\PhysX\Common;C:\Windows\system32;C:\Windows;C:\Windows\System32\Wbem;C:\Windows\System32\WindowsPowerShell\v1.0\;D:\Program\TortoiseGit\bin;D:\Program\TortoiseSVN\bin"/>
    <property name="surefire.test.class.path" value="E:\ownproject\Photography\target\test-classes;E:\ownproject\Photography\target\classes;D:\.m2\repository\junit\junit\3.8.1\junit-3.8.1.jar;D:\.m2\repository\javax\activation\activation\1.0.2\activation-1.0.2.jar;D:\.m2\repository\javax\servlet\servlet-api\2.4\servlet-api-2.4.jar;D:\.m2\repository\javax\servlet\jsp\jsp-api\2.0\jsp-api-2.0.jar;D:\.m2\repository\jboss\jboss-j2ee\4.0.0\jboss-j2ee-4.0.0.jar;D:\.m2\repository\jboss\jboss-common\4.0.0\jboss-common-4.0.0.jar;D:\.m2\repository\slide\webdavlib\1.0.16\webdavlib-1.0.16.jar;D:\.m2\repository\xerces\xercesImpl\2.6.2\xercesImpl-2.6.2.jar;D:\.m2\repository\javax\xml\jaxrpc-api\1.1\jaxrpc-api-1.1.jar;D:\.m2\repository\jboss\jboss-jsr77\3.2.3\jboss-jsr77-3.2.3.jar;D:\.m2\repository\axis\axis-saaj\1.3\axis-saaj-1.3.jar;D:\.m2\repository\javax\mail\mail\1.3.1\mail-1.3.1.jar;D:\.m2\repository\javax\xml\namespace\1.0.1\namespace-1.0.1.jar;D:\.m2\repository\xerces\xmlParserAPIs\2.6.2\xmlParserAPIs-2.6.2.jar;D:\.m2\repository\org\springframework\spring-web\3.0.5.RELEASE\spring-web-3.0.5.RELEASE.jar;D:\.m2\repository\aopalliance\aopalliance\1.0\aopalliance-1.0.jar;D:\.m2\repository\org\springframework\spring-beans\3.0.5.RELEASE\spring-beans-3.0.5.RELEASE.jar;D:\.m2\repository\org\springframework\spring-core\3.0.5.RELEASE\spring-core-3.0.5.RELEASE.jar;D:\.m2\repository\org\springframework\spring-asm\3.0.5.RELEASE\spring-asm-3.0.5.RELEASE.jar;D:\.m2\repository\commons-logging\commons-logging\1.1.1\commons-logging-1.1.1.jar;D:\.m2\repository\org\springframework\spring-context\3.0.5.RELEASE\spring-context-3.0.5.RELEASE.jar;D:\.m2\repository\org\springframework\spring-aop\3.0.5.RELEASE\spring-aop-3.0.5.RELEASE.jar;D:\.m2\repository\org\springframework\spring-expression\3.0.5.RELEASE\spring-expression-3.0.5.RELEASE.jar;D:\.m2\repository\org\springframework\spring-webmvc\3.0.5.RELEASE\spring-webmvc-3.0.5.RELEASE.jar;D:\.m2\repository\org\springframework\spring-context-support\3.0.5.RELEASE\spring-context-support-3.0.5.RELEASE.jar;D:\.m2\repository\org\apache\geronimo\specs\geronimo-servlet_2.5_spec\1.2\geronimo-servlet_2.5_spec-1.2.jar;D:\.m2\repository\mysql\mysql-connector-java\5.1.15\mysql-connector-java-5.1.15.jar;D:\.m2\repository\commons-dbcp\commons-dbcp\1.4\commons-dbcp-1.4.jar;D:\.m2\repository\commons-pool\commons-pool\1.5.4\commons-pool-1.5.4.jar;D:\.m2\repository\net\sf\json-lib\json-lib\2.4\json-lib-2.4-jdk15.jar;D:\.m2\repository\commons-beanutils\commons-beanutils\1.8.0\commons-beanutils-1.8.0.jar;D:\.m2\repository\commons-collections\commons-collections\3.2.1\commons-collections-3.2.1.jar;D:\.m2\repository\commons-lang\commons-lang\2.5\commons-lang-2.5.jar;D:\.m2\repository\net\sf\ezmorph\ezmorph\1.0.6\ezmorph-1.0.6.jar;D:\.m2\repository\org\codehaus\jackson\jackson-core-lgpl\1.9.6\jackson-core-lgpl-1.9.6.jar;D:\.m2\repository\org\codehaus\jackson\jackson-core-asl\1.9.4\jackson-core-asl-1.9.4.jar;D:\.m2\repository\org\codehaus\jackson\jackson-mapper-asl\1.9.5\jackson-mapper-asl-1.9.5.jar;D:\.m2\repository\org\codehaus\jackson\jackson-mapper-lgpl\1.9.6\jackson-mapper-lgpl-1.9.6.jar;"/>
    <property name="java.specification.name" value="Java Platform API Specification"/>
    <property name="java.class.version" value="50.0"/>
    <property name="sun.management.compiler" value="HotSpot Client Compiler"/>
    <property name="os.version" value="6.2"/>
    <property name="user.home" value="D:"/>
    <property name="user.timezone" value=""/>
    <property name="java.awt.printerjob" value="sun.awt.windows.WPrinterJob"/>
    <property name="java.specification.version" value="1.6"/>
    <property name="file.encoding" value="GBK"/>
    <property name="user.name" value="Administrator"/>
    <property name="java.class.path" value="E:\ownproject\Photography\target\test-classes;E:\ownproject\Photography\target\classes;D:\.m2\repository\junit\junit\3.8.1\junit-3.8.1.jar;D:\.m2\repository\javax\activation\activation\1.0.2\activation-1.0.2.jar;D:\.m2\repository\javax\servlet\servlet-api\2.4\servlet-api-2.4.jar;D:\.m2\repository\javax\servlet\jsp\jsp-api\2.0\jsp-api-2.0.jar;D:\.m2\repository\jboss\jboss-j2ee\4.0.0\jboss-j2ee-4.0.0.jar;D:\.m2\repository\jboss\jboss-common\4.0.0\jboss-common-4.0.0.jar;D:\.m2\repository\slide\webdavlib\1.0.16\webdavlib-1.0.16.jar;D:\.m2\repository\xerces\xercesImpl\2.6.2\xercesImpl-2.6.2.jar;D:\.m2\repository\javax\xml\jaxrpc-api\1.1\jaxrpc-api-1.1.jar;D:\.m2\repository\jboss\jboss-jsr77\3.2.3\jboss-jsr77-3.2.3.jar;D:\.m2\repository\axis\axis-saaj\1.3\axis-saaj-1.3.jar;D:\.m2\repository\javax\mail\mail\1.3.1\mail-1.3.1.jar;D:\.m2\repository\javax\xml\namespace\1.0.1\namespace-1.0.1.jar;D:\.m2\repository\xerces\xmlParserAPIs\2.6.2\xmlParserAPIs-2.6.2.jar;D:\.m2\repository\org\springframework\spring-web\3.0.5.RELEASE\spring-web-3.0.5.RELEASE.jar;D:\.m2\repository\aopalliance\aopalliance\1.0\aopalliance-1.0.jar;D:\.m2\repository\org\springframework\spring-beans\3.0.5.RELEASE\spring-beans-3.0.5.RELEASE.jar;D:\.m2\repository\org\springframework\spring-core\3.0.5.RELEASE\spring-core-3.0.5.RELEASE.jar;D:\.m2\repository\org\springframework\spring-asm\3.0.5.RELEASE\spring-asm-3.0.5.RELEASE.jar;D:\.m2\repository\commons-logging\commons-logging\1.1.1\commons-logging-1.1.1.jar;D:\.m2\repository\org\springframework\spring-context\3.0.5.RELEASE\spring-context-3.0.5.RELEASE.jar;D:\.m2\repository\org\springframework\spring-aop\3.0.5.RELEASE\spring-aop-3.0.5.RELEASE.jar;D:\.m2\repository\org\springframework\spring-expression\3.0.5.RELEASE\spring-expression-3.0.5.RELEASE.jar;D:\.m2\repository\org\springframework\spring-webmvc\3.0.5.RELEASE\spring-webmvc-3.0.5.RELEASE.jar;D:\.m2\repository\org\springframework\spring-context-support\3.0.5.RELEASE\spring-context-support-3.0.5.RELEASE.jar;D:\.m2\repository\org\apache\geronimo\specs\geronimo-servlet_2.5_spec\1.2\geronimo-servlet_2.5_spec-1.2.jar;D:\.m2\repository\mysql\mysql-connector-java\5.1.15\mysql-connector-java-5.1.15.jar;D:\.m2\repository\commons-dbcp\commons-dbcp\1.4\commons-dbcp-1.4.jar;D:\.m2\repository\commons-pool\commons-pool\1.5.4\commons-pool-1.5.4.jar;D:\.m2\repository\net\sf\json-lib\json-lib\2.4\json-lib-2.4-jdk15.jar;D:\.m2\repository\commons-beanutils\commons-beanutils\1.8.0\commons-beanutils-1.8.0.jar;D:\.m2\repository\commons-collections\commons-collections\3.2.1\commons-collections-3.2.1.jar;D:\.m2\repository\commons-lang\commons-lang\2.5\commons-lang-2.5.jar;D:\.m2\repository\net\sf\ezmorph\ezmorph\1.0.6\ezmorph-1.0.6.jar;D:\.m2\repository\org\codehaus\jackson\jackson-core-lgpl\1.9.6\jackson-core-lgpl-1.9.6.jar;D:\.m2\repository\org\codehaus\jackson\jackson-core-asl\1.9.4\jackson-core-asl-1.9.4.jar;D:\.m2\repository\org\codehaus\jackson\jackson-mapper-asl\1.9.5\jackson-mapper-asl-1.9.5.jar;D:\.m2\repository\org\codehaus\jackson\jackson-mapper-lgpl\1.9.6\jackson-mapper-lgpl-1.9.6.jar;"/>
    <property name="java.vm.specification.version" value="1.0"/>
    <property name="sun.arch.data.model" value="32"/>
    <property name="java.home" value="D:\JAVA\IDE\MyEclipse9\Common\binary\com.sun.java.jdk.win32.x86_1.6.0.013\jre"/>
    <property name="java.specification.vendor" value="Sun Microsystems Inc."/>
    <property name="user.language" value="zh"/>
    <property name="awt.toolkit" value="sun.awt.windows.WToolkit"/>
    <property name="java.vm.info" value="mixed mode"/>
    <property name="java.version" value="1.6.0_13"/>
    <property name="java.ext.dirs" value="D:\JAVA\IDE\MyEclipse9\Common\binary\com.sun.java.jdk.win32.x86_1.6.0.013\jre\lib\ext;C:\Windows\Sun\Java\lib\ext"/>
    <property name="sun.boot.class.path" value="D:\JAVA\IDE\MyEclipse9\Common\binary\com.sun.java.jdk.win32.x86_1.6.0.013\jre\lib\resources.jar;D:\JAVA\IDE\MyEclipse9\Common\binary\com.sun.java.jdk.win32.x86_1.6.0.013\jre\lib\rt.jar;D:\JAVA\IDE\MyEclipse9\Common\binary\com.sun.java.jdk.win32.x86_1.6.0.013\jre\lib\sunrsasign.jar;D:\JAVA\IDE\MyEclipse9\Common\binary\com.sun.java.jdk.win32.x86_1.6.0.013\jre\lib\jsse.jar;D:\JAVA\IDE\MyEclipse9\Common\binary\com.sun.java.jdk.win32.x86_1.6.0.013\jre\lib\jce.jar;D:\JAVA\IDE\MyEclipse9\Common\binary\com.sun.java.jdk.win32.x86_1.6.0.013\jre\lib\charsets.jar;D:\JAVA\IDE\MyEclipse9\Common\binary\com.sun.java.jdk.win32.x86_1.6.0.013\jre\classes"/>
    <property name="java.vendor" value="Sun Microsystems Inc."/>
    <property name="localRepository" value="D:\.m2\repository"/>
    <property name="file.separator" value="\"/>
    <property name="java.vendor.url.bug" value="http://java.sun.com/cgi-bin/bugreport.cgi"/>
    <property name="sun.cpu.endian" value="little"/>
    <property name="sun.io.unicode.encoding" value="UnicodeLittle"/>
    <property name="sun.desktop" value="windows"/>
    <property name="sun.cpu.isalist" value="pentium_pro+mmx pentium_pro pentium+mmx pentium i486 i386 i86"/>
  </properties>
  <testcase time="0.001" classname="com.dream.test.AppTest" name="testApp"/>
</testsuite>