<?xml version="1.0" encoding="UTF-8" ?>
<testsuite failures="0" time="0.013" errors="0" skipped="0" tests="1" name="com.dream.test.AppTest">
  <properties>
    <property name="java.runtime.name" value="Java(TM) SE Runtime Environment"/>
    <property name="sun.boot.library.path" value="D:\java\jdk\jdk1.6.0\jre\bin"/>
    <property name="java.vm.version" value="11.0-b16"/>
    <property name="java.vm.vendor" value="Sun Microsystems Inc."/>
    <property name="java.vendor.url" value="http://java.sun.com/"/>
    <property name="path.separator" value=";"/>
    <property name="java.vm.name" value="Java HotSpot(TM) Client VM"/>
    <property name="file.encoding.pkg" value="sun.io"/>
    <property name="user.country" value="CN"/>
    <property name="sun.java.launcher" value="SUN_STANDARD"/>
    <property name="sun.os.patch.level" value="Service Pack 1"/>
    <property name="java.vm.specification.name" value="Java Virtual Machine Specification"/>
    <property name="user.dir" value="D:\java\project\gitproject\Photography"/>
    <property name="java.runtime.version" value="1.6.0_11-b03"/>
    <property name="java.awt.graphicsenv" value="sun.awt.Win32GraphicsEnvironment"/>
    <property name="basedir" value="D:\java\project\gitproject\Photography"/>
    <property name="java.endorsed.dirs" value="D:\java\jdk\jdk1.6.0\jre\lib\endorsed"/>
    <property name="os.arch" value="x86"/>
    <property name="surefire.real.class.path" value="C:\Users\ADMINI~1\AppData\Local\Temp\surefirebooter607887925262198774.jar"/>
    <property name="java.io.tmpdir" value="C:\Users\ADMINI~1\AppData\Local\Temp\"/>
    <property name="line.separator" value="
"/>
    <property name="java.vm.specification.vendor" value="Sun Microsystems Inc."/>
    <property name="user.variant" value=""/>
    <property name="os.name" value="Windows Vista"/>
    <property name="sun.jnu.encoding" value="GBK"/>
    <property name="java.library.path" value="D:\java\jdk\jdk1.6.0\jre\bin;.;C:\Windows\Sun\Java\bin;C:\Windows\system32;C:\Windows;D:/java/ide/MyEclipse/Common/binary/com.sun.java.jdk.win32.x86_1.6.0.013/jre/bin/client;D:/java/ide/MyEclipse/Common/binary/com.sun.java.jdk.win32.x86_1.6.0.013/jre/bin;D:/java/ide/MyEclipse/Common/binary/com.sun.java.jdk.win32.x86_1.6.0.013/jre/lib/i386;D:\apache-maven-3.2.3\bin;D:\java\jad;D:\java\jdk\jdk1.6.0\bin;C:\Program Files (x86)\NVIDIA Corporation\PhysX\Common;C:\Windows\system32;C:\Windows;C:\Windows\System32\Wbem;C:\Windows\System32\WindowsPowerShell\v1.0\;C:\Program Files (x86)\ATI Technologies\ATI.ACE\Core-Static;D:\TortoiseGit\bin;D:\Git\cmd;D:\java\database\MySQL\MySQL Server 5.0\bin"/>
    <property name="surefire.test.class.path" value="D:\java\project\gitproject\Photography\target\test-classes;D:\java\project\gitproject\Photography\target\classes;C:\Users\Administrator\.m2\repository\junit\junit\3.8.1\junit-3.8.1.jar;C:\Users\Administrator\.m2\repository\javax\activation\activation\1.0.2\activation-1.0.2.jar;C:\Users\Administrator\.m2\repository\javax\servlet\servlet-api\2.4\servlet-api-2.4.jar;C:\Users\Administrator\.m2\repository\javax\servlet\jsp\jsp-api\2.0\jsp-api-2.0.jar;C:\Users\Administrator\.m2\repository\jboss\jboss-j2ee\4.0.0\jboss-j2ee-4.0.0.jar;C:\Users\Administrator\.m2\repository\jboss\jboss-common\4.0.0\jboss-common-4.0.0.jar;C:\Users\Administrator\.m2\repository\slide\webdavlib\1.0.16\webdavlib-1.0.16.jar;C:\Users\Administrator\.m2\repository\xerces\xercesImpl\2.6.2\xercesImpl-2.6.2.jar;C:\Users\Administrator\.m2\repository\javax\xml\jaxrpc-api\1.1\jaxrpc-api-1.1.jar;C:\Users\Administrator\.m2\repository\jboss\jboss-jsr77\3.2.3\jboss-jsr77-3.2.3.jar;C:\Users\Administrator\.m2\repository\axis\axis-saaj\1.3\axis-saaj-1.3.jar;C:\Users\Administrator\.m2\repository\javax\mail\mail\1.3.1\mail-1.3.1.jar;C:\Users\Administrator\.m2\repository\javax\xml\namespace\1.0.1\namespace-1.0.1.jar;C:\Users\Administrator\.m2\repository\xerces\xmlParserAPIs\2.6.2\xmlParserAPIs-2.6.2.jar;C:\Users\Administrator\.m2\repository\org\springframework\spring-web\3.0.5.RELEASE\spring-web-3.0.5.RELEASE.jar;C:\Users\Administrator\.m2\repository\aopalliance\aopalliance\1.0\aopalliance-1.0.jar;C:\Users\Administrator\.m2\repository\org\springframework\spring-beans\3.0.5.RELEASE\spring-beans-3.0.5.RELEASE.jar;C:\Users\Administrator\.m2\repository\org\springframework\spring-core\3.0.5.RELEASE\spring-core-3.0.5.RELEASE.jar;C:\Users\Administrator\.m2\repository\org\springframework\spring-asm\3.0.5.RELEASE\spring-asm-3.0.5.RELEASE.jar;C:\Users\Administrator\.m2\repository\commons-logging\commons-logging\1.1.1\commons-logging-1.1.1.jar;C:\Users\Administrator\.m2\repository\org\springframework\spring-context\3.0.5.RELEASE\spring-context-3.0.5.RELEASE.jar;C:\Users\Administrator\.m2\repository\org\springframework\spring-aop\3.0.5.RELEASE\spring-aop-3.0.5.RELEASE.jar;C:\Users\Administrator\.m2\repository\org\springframework\spring-expression\3.0.5.RELEASE\spring-expression-3.0.5.RELEASE.jar;C:\Users\Administrator\.m2\repository\org\springframework\spring-webmvc\3.0.5.RELEASE\spring-webmvc-3.0.5.RELEASE.jar;C:\Users\Administrator\.m2\repository\org\springframework\spring-context-support\3.0.5.RELEASE\spring-context-support-3.0.5.RELEASE.jar;C:\Users\Administrator\.m2\repository\org\apache\geronimo\specs\geronimo-servlet_2.5_spec\1.2\geronimo-servlet_2.5_spec-1.2.jar;C:\Users\Administrator\.m2\repository\mysql\mysql-connector-java\5.1.15\mysql-connector-java-5.1.15.jar;C:\Users\Administrator\.m2\repository\commons-dbcp\commons-dbcp\1.4\commons-dbcp-1.4.jar;C:\Users\Administrator\.m2\repository\commons-pool\commons-pool\1.5.4\commons-pool-1.5.4.jar;"/>
    <property name="java.specification.name" value="Java Platform API Specification"/>
    <property name="java.class.version" value="50.0"/>
    <property name="sun.management.compiler" value="HotSpot Client Compiler"/>
    <property name="os.version" value="6.1"/>
    <property name="user.home" value="C:\Users\Administrator"/>
    <property name="user.timezone" value=""/>
    <property name="java.awt.printerjob" value="sun.awt.windows.WPrinterJob"/>
    <property name="java.specification.version" value="1.6"/>
    <property name="file.encoding" value="GBK"/>
    <property name="user.name" value="Administrator"/>
    <property name="java.class.path" value="D:\java\project\gitproject\Photography\target\test-classes;D:\java\project\gitproject\Photography\target\classes;C:\Users\Administrator\.m2\repository\junit\junit\3.8.1\junit-3.8.1.jar;C:\Users\Administrator\.m2\repository\javax\activation\activation\1.0.2\activation-1.0.2.jar;C:\Users\Administrator\.m2\repository\javax\servlet\servlet-api\2.4\servlet-api-2.4.jar;C:\Users\Administrator\.m2\repository\javax\servlet\jsp\jsp-api\2.0\jsp-api-2.0.jar;C:\Users\Administrator\.m2\repository\jboss\jboss-j2ee\4.0.0\jboss-j2ee-4.0.0.jar;C:\Users\Administrator\.m2\repository\jboss\jboss-common\4.0.0\jboss-common-4.0.0.jar;C:\Users\Administrator\.m2\repository\slide\webdavlib\1.0.16\webdavlib-1.0.16.jar;C:\Users\Administrator\.m2\repository\xerces\xercesImpl\2.6.2\xercesImpl-2.6.2.jar;C:\Users\Administrator\.m2\repository\javax\xml\jaxrpc-api\1.1\jaxrpc-api-1.1.jar;C:\Users\Administrator\.m2\repository\jboss\jboss-jsr77\3.2.3\jboss-jsr77-3.2.3.jar;C:\Users\Administrator\.m2\repository\axis\axis-saaj\1.3\axis-saaj-1.3.jar;C:\Users\Administrator\.m2\repository\javax\mail\mail\1.3.1\mail-1.3.1.jar;C:\Users\Administrator\.m2\repository\javax\xml\namespace\1.0.1\namespace-1.0.1.jar;C:\Users\Administrator\.m2\repository\xerces\xmlParserAPIs\2.6.2\xmlParserAPIs-2.6.2.jar;C:\Users\Administrator\.m2\repository\org\springframework\spring-web\3.0.5.RELEASE\spring-web-3.0.5.RELEASE.jar;C:\Users\Administrator\.m2\repository\aopalliance\aopalliance\1.0\aopalliance-1.0.jar;C:\Users\Administrator\.m2\repository\org\springframework\spring-beans\3.0.5.RELEASE\spring-beans-3.0.5.RELEASE.jar;C:\Users\Administrator\.m2\repository\org\springframework\spring-core\3.0.5.RELEASE\spring-core-3.0.5.RELEASE.jar;C:\Users\Administrator\.m2\repository\org\springframework\spring-asm\3.0.5.RELEASE\spring-asm-3.0.5.RELEASE.jar;C:\Users\Administrator\.m2\repository\commons-logging\commons-logging\1.1.1\commons-logging-1.1.1.jar;C:\Users\Administrator\.m2\repository\org\springframework\spring-context\3.0.5.RELEASE\spring-context-3.0.5.RELEASE.jar;C:\Users\Administrator\.m2\repository\org\springframework\spring-aop\3.0.5.RELEASE\spring-aop-3.0.5.RELEASE.jar;C:\Users\Administrator\.m2\repository\org\springframework\spring-expression\3.0.5.RELEASE\spring-expression-3.0.5.RELEASE.jar;C:\Users\Administrator\.m2\repository\org\springframework\spring-webmvc\3.0.5.RELEASE\spring-webmvc-3.0.5.RELEASE.jar;C:\Users\Administrator\.m2\repository\org\springframework\spring-context-support\3.0.5.RELEASE\spring-context-support-3.0.5.RELEASE.jar;C:\Users\Administrator\.m2\repository\org\apache\geronimo\specs\geronimo-servlet_2.5_spec\1.2\geronimo-servlet_2.5_spec-1.2.jar;C:\Users\Administrator\.m2\repository\mysql\mysql-connector-java\5.1.15\mysql-connector-java-5.1.15.jar;C:\Users\Administrator\.m2\repository\commons-dbcp\commons-dbcp\1.4\commons-dbcp-1.4.jar;C:\Users\Administrator\.m2\repository\commons-pool\commons-pool\1.5.4\commons-pool-1.5.4.jar;"/>
    <property name="java.vm.specification.version" value="1.0"/>
    <property name="sun.arch.data.model" value="32"/>
    <property name="java.home" value="D:\java\jdk\jdk1.6.0\jre"/>
    <property name="java.specification.vendor" value="Sun Microsystems Inc."/>
    <property name="user.language" value="zh"/>
    <property name="awt.toolkit" value="sun.awt.windows.WToolkit"/>
    <property name="java.vm.info" value="mixed mode, sharing"/>
    <property name="java.version" value="1.6.0_11"/>
    <property name="java.ext.dirs" value="D:\java\jdk\jdk1.6.0\jre\lib\ext;C:\Windows\Sun\Java\lib\ext"/>
    <property name="sun.boot.class.path" value="D:\java\jdk\jdk1.6.0\jre\lib\resources.jar;D:\java\jdk\jdk1.6.0\jre\lib\rt.jar;D:\java\jdk\jdk1.6.0\jre\lib\sunrsasign.jar;D:\java\jdk\jdk1.6.0\jre\lib\jsse.jar;D:\java\jdk\jdk1.6.0\jre\lib\jce.jar;D:\java\jdk\jdk1.6.0\jre\lib\charsets.jar;D:\java\jdk\jdk1.6.0\jre\classes"/>
    <property name="java.vendor" value="Sun Microsystems Inc."/>
    <property name="localRepository" value="C:\Users\Administrator\.m2\repository"/>
    <property name="file.separator" value="\"/>
    <property name="java.vendor.url.bug" value="http://java.sun.com/cgi-bin/bugreport.cgi"/>
    <property name="sun.cpu.endian" value="little"/>
    <property name="sun.io.unicode.encoding" value="UnicodeLittle"/>
    <property name="sun.desktop" value="windows"/>
    <property name="sun.cpu.isalist" value=""/>
  </properties>
  <testcase time="0.001" classname="com.dream.test.AppTest" name="testApp"/>
</testsuite>